GowinSynthesis start
Running parser ...
Analyzing Verilog file 'F:\workspace\gowin\lcd_init\src\LCD_SPI.v'
Analyzing Verilog file 'F:\workspace\gowin\lcd_init\src\TFT_LCD\tft_colorbar.v'
Analyzing Verilog file 'F:\workspace\gowin\lcd_init\src\TFT_LCD\tft_ctrl.v'
Analyzing Verilog file 'F:\workspace\gowin\lcd_init\src\TFT_LCD\tft_pic.v'
Analyzing Verilog file 'F:\workspace\gowin\lcd_init\src\gowin_pll\gowin_pll.v'
Analyzing Verilog file 'F:\workspace\gowin\lcd_init\src\pll.v'
Analyzing Verilog file 'F:\workspace\gowin\lcd_init\src\gowin_osc\gowin_osc.v'
Compiling module 'tft_colorbar'("F:\workspace\gowin\lcd_init\src\TFT_LCD\tft_colorbar.v":1)
Compiling module 'Gowin_OSC'("F:\workspace\gowin\lcd_init\src\gowin_osc\gowin_osc.v":10)
Compiling module 'lcd_initiator'("F:\workspace\gowin\lcd_init\src\LCD_SPI.v":3)
Extracting RAM for identifier 'ins_ram'("F:\workspace\gowin\lcd_init\src\LCD_SPI.v":39)
WARN  (EX2666) : Clock signal 'SCL' cannot be used as a data signal("F:\workspace\gowin\lcd_init\src\LCD_SPI.v":384)
Compiling module 'Gowin_PLL'("F:\workspace\gowin\lcd_init\src\gowin_pll\gowin_pll.v":10)
Compiling module 'tft_ctrl'("F:\workspace\gowin\lcd_init\src\TFT_LCD\tft_ctrl.v":1)
Compiling module 'tft_pic'("F:\workspace\gowin\lcd_init\src\TFT_LCD\tft_pic.v":1)
NOTE  (EX0101) : Current top module is "tft_colorbar"
[5%] Running netlist conversion ...
Running device independent optimization ...
[10%] Optimizing Phase 0 completed
[15%] Optimizing Phase 1 completed
[25%] Optimizing Phase 2 completed
Running inference ...
[30%] Inferring Phase 0 completed
[40%] Inferring Phase 1 completed
[50%] Inferring Phase 2 completed
[55%] Inferring Phase 3 completed
Running technical mapping ...
[60%] Tech-Mapping Phase 0 completed
[65%] Tech-Mapping Phase 1 completed
[75%] Tech-Mapping Phase 2 completed
[80%] Tech-Mapping Phase 3 completed
[90%] Tech-Mapping Phase 4 completed
[95%] Generate netlist file "F:\workspace\gowin\lcd_init\impl\gwsynthesis\lcd_init.vg" completed
[100%] Generate report file "F:\workspace\gowin\lcd_init\impl\gwsynthesis\lcd_init_syn.rpt.html" completed
GowinSynthesis finish
